<?xml version="1.0" encoding="utf-8"?><testsuites name="pytest tests"><testsuite name="pytest" errors="0" failures="0" skipped="0" tests="29" time="6.778" timestamp="2026-09-25T09:44:02.203549+00:00" hostname="32f55f82e07e"><testcase classname="tests.test_application" name="test_login_confirmation_expiry_and_replay" time="0.089" /><testcase classname="tests.test_application" name="test_csrf_origin_admin_access_and_logout" time="0.039" /><testcase classname="tests.test_application" name="test_email_validation_and_rate_limit" time="0.035" /><testcase classname="tests.test_application" name="test_headers_and_secure_cookies" time="0.019" /><testcase classname="tests.test_application" name="test_multi_seat_booking_and_idempotency" time="0.049" /><testcase classname="tests.test_application" name="test_all_or_nothing_conflict_quota_and_wrong_plan" time="0.066" /><testcase classname="tests.test_application" name="test_crossed_out_masks_and_individual_blocking" time="0.051" /><testcase classname="tests.test_application" name="test_booking_requires_confirmed_session_and_event_open" time="0.046" /><testcase classname="tests.test_application" name="test_public_data_contains_no_email_or_internal_notes" time="0.048" /><testcase classname="tests.test_application" name="test_cancellation_and_ownership" time="0.055" /><testcase classname="tests.test_application" name="test_admin_override_stale_revision_and_notifications" time="0.073" /><testcase classname="tests.test_application" name="test_concurrent_reservations_only_one_winner" time="0.050" /><testcase classname="tests.test_application" name="test_editor_review_revision_validation_and_immutable_publication" time="0.056" /><testcase classname="tests.test_application" name="test_grid_rotation_numbering_and_bounds" time="0.016" /><testcase classname="tests.test_application" name="test_safe_plan_migration_preserves_reservations" time="0.052" /><testcase classname="tests.test_application" name="test_csv_formula_safety_and_print_output" time="0.071" /><testcase classname="tests.test_application" name="test_subpath_urls_and_cookie_scope" time="0.025" /><testcase classname="tests.test_application" name="test_settings_fail_closed" time="0.001" /><testcase classname="tests.test_extra" name="test_rotated_page_bounds_validate_full_rectangle" time="0.028" /><testcase classname="tests.test_extra" name="test_backup_contains_consistent_database_and_pdf_assets" time="0.028" /><testcase classname="tests.test_extra" name="test_multipage_pdf_page_count_limit" time="0.640" /><testcase classname="tests.test_extra" name="test_print_labels_are_opt_in_and_private" time="0.048" /><testcase classname="tests.test_pdf_mail" name="test_upload_render_detect_worker_and_draft_permissions" time="1.818" /><testcase classname="tests.test_pdf_mail" name="test_bad_pdf_and_oversized_body_are_rejected" time="0.658" /><testcase classname="tests.test_pdf_mail" name="test_supplied_pdf_repeatable_detection_and_explicit_masks" time="2.074" /><testcase classname="tests.test_pdf_mail" name="test_long_diagonal_x_heuristic_on_clean_synthetic_patch" time="0.001" /><testcase classname="tests.test_pdf_mail" name="test_file_mail_delivery_and_body_purge" time="0.023" /><testcase classname="tests.test_pdf_mail" name="test_smtp_delivery_to_local_capture_server" time="0.530" /><testcase classname="tests.test_pdf_mail" name="test_failed_mail_retry_and_expired_signin_cleanup" time="0.020" /></testsuite></testsuites>