<?xml version="1.0" encoding="utf-8"?><testsuites name="pytest tests"><testsuite name="pytest" errors="0" failures="0" skipped="0" tests="132" time="280.490" timestamp="2026-09-25T12:38:23.450944+00:00" hostname="3f55bf922a98"><testcase classname="tests.test_application" name="test_login_confirmation_expiry_and_replay" time="0.080" /><testcase classname="tests.test_application" name="test_csrf_origin_admin_access_and_logout" time="0.039" /><testcase classname="tests.test_application" name="test_email_validation_and_rate_limit" time="0.034" /><testcase classname="tests.test_application" name="test_headers_and_secure_cookies" time="0.022" /><testcase classname="tests.test_application" name="test_multi_seat_booking_and_idempotency" time="0.051" /><testcase classname="tests.test_application" name="test_all_or_nothing_conflict_quota_and_wrong_plan" time="0.068" /><testcase classname="tests.test_application" name="test_crossed_out_masks_and_individual_blocking" time="0.054" /><testcase classname="tests.test_application" name="test_booking_requires_confirmed_session_and_event_open" time="0.051" /><testcase classname="tests.test_application" name="test_public_data_contains_no_email_or_internal_notes" time="0.046" /><testcase classname="tests.test_application" name="test_cancellation_and_ownership" time="0.059" /><testcase classname="tests.test_application" name="test_admin_override_stale_revision_and_notifications" time="0.073" /><testcase classname="tests.test_application" name="test_concurrent_reservations_only_one_winner" time="0.072" /><testcase classname="tests.test_application" name="test_editor_review_revision_validation_and_immutable_publication" time="0.066" /><testcase classname="tests.test_application" name="test_grid_rotation_numbering_and_bounds" time="0.030" /><testcase classname="tests.test_application" name="test_safe_plan_migration_preserves_reservations" time="0.051" /><testcase classname="tests.test_application" name="test_csv_formula_safety_and_print_output" time="0.059" /><testcase classname="tests.test_application" name="test_subpath_urls_and_cookie_scope" time="0.023" /><testcase classname="tests.test_application" name="test_settings_fail_closed" time="0.001" /><testcase classname="tests.test_detection_v2" name="test_reported_locations_have_one_free_click_target[Main seat 438]" time="9.872" /><testcase classname="tests.test_detection_v2" name="test_reported_locations_have_one_free_click_target[Main seat 437]" time="0.001" /><testcase classname="tests.test_detection_v2" name="test_reported_locations_have_one_free_click_target[Loja 5 left reference 1]" time="0.001" /><testcase classname="tests.test_detection_v2" name="test_reported_locations_have_one_free_click_target[Loja 5 left reference 2]" time="0.001" /><testcase classname="tests.test_detection_v2" name="test_reported_locations_have_one_free_click_target[Loja 5 left reference 3]" time="0.001" /><testcase classname="tests.test_detection_v2" name="test_reported_locations_have_one_free_click_target[Loja 5 left reference 4]" time="0.001" /><testcase classname="tests.test_detection_v2" name="test_reported_locations_have_one_free_click_target[Loja 5 left reference 5]" time="0.001" /><testcase classname="tests.test_detection_v2" name="test_reported_locations_have_one_free_click_target[Loja 5 left reference 6]" time="0.001" /><testcase classname="tests.test_detection_v2" name="test_reported_locations_have_one_free_click_target[Loja 5 left reference 7]" time="0.001" /><testcase classname="tests.test_detection_v2" name="test_reported_locations_have_one_free_click_target[Upper curved block reference 1]" time="0.001" /><testcase classname="tests.test_detection_v2" name="test_reported_locations_have_one_free_click_target[Upper curved block reference 2]" time="0.001" /><testcase classname="tests.test_detection_v2" name="test_reported_locations_have_one_free_click_target[Upper curved block reference 3]" time="0.001" /><testcase classname="tests.test_detection_v2" name="test_reported_locations_have_one_free_click_target[Upper curved block reference 4]" time="0.001" /><testcase classname="tests.test_detection_v2" name="test_reported_locations_have_one_free_click_target[Upper curved block reference 5]" time="0.001" /><testcase classname="tests.test_detection_v2" name="test_reported_locations_have_one_free_click_target[Upper curved block reference 6]" time="0.001" /><testcase classname="tests.test_detection_v2" name="test_reported_locations_have_one_free_click_target[Upper curved block reference 7]" time="0.001" /><testcase classname="tests.test_detection_v2" name="test_reported_locations_have_one_free_click_target[Upper curved block reference 8]" time="0.001" /><testcase classname="tests.test_detection_v2" name="test_regression_points_are_distinct_seats" time="0.004" /><testcase classname="tests.test_detection_v2" name="test_detector_provenance_and_exclusion_priority" time="0.008" /><testcase classname="tests.test_detection_v2" name="test_rotated_overlap_used_by_browser" time="0.056" /><testcase classname="tests.test_detection_v2" name="test_seed_new_keeps_existing_draft_and_uses_unique_seat_ids" time="2.654" /><testcase classname="tests.test_extra" name="test_rotated_page_bounds_validate_full_rectangle" time="0.031" /><testcase classname="tests.test_extra" name="test_backup_contains_consistent_database_and_pdf_assets" time="0.030" /><testcase classname="tests.test_extra" name="test_multipage_pdf_page_count_limit" time="0.909" /><testcase classname="tests.test_extra" name="test_print_labels_are_opt_in_and_private" time="0.061" /><testcase classname="tests.test_geometry_v3" name="test_printed_cell_overlap[Main 374]" time="85.475" /><testcase classname="tests.test_geometry_v3" name="test_printed_cell_overlap[Main 372]" time="0.010" /><testcase classname="tests.test_geometry_v3" name="test_printed_cell_overlap[Main 370]" time="0.010" /><testcase classname="tests.test_geometry_v3" name="test_printed_cell_overlap[Main 348]" time="0.010" /><testcase classname="tests.test_geometry_v3" name="test_printed_cell_overlap[Main 346]" time="0.010" /><testcase classname="tests.test_geometry_v3" name="test_printed_cell_overlap[Main 344]" time="0.010" /><testcase classname="tests.test_geometry_v3" name="test_printed_cell_overlap[Main 194]" time="0.010" /><testcase classname="tests.test_geometry_v3" name="test_printed_cell_overlap[Main 192]" time="0.010" /><testcase classname="tests.test_geometry_v3" name="test_printed_cell_overlap[Main 166]" time="0.010" /><testcase classname="tests.test_geometry_v3" name="test_printed_cell_overlap[Main 164]" time="0.010" /><testcase classname="tests.test_geometry_v3" name="test_printed_cell_overlap[Main 142]" time="0.010" /><testcase classname="tests.test_geometry_v3" name="test_printed_cell_overlap[Upper right 57]" time="0.010" /><testcase classname="tests.test_geometry_v3" name="test_printed_cell_overlap[Upper right 59]" time="0.010" /><testcase classname="tests.test_geometry_v3" name="test_printed_cell_overlap[Upper right 33]" time="0.011" /><testcase classname="tests.test_geometry_v3" name="test_printed_cell_overlap[Upper right 35]" time="0.010" /><testcase classname="tests.test_geometry_v3" name="test_printed_cell_overlap[Upper right 37]" time="0.010" /><testcase classname="tests.test_geometry_v3" name="test_printed_cell_overlap[Upper left 84]" time="0.010" /><testcase classname="tests.test_geometry_v3" name="test_printed_cell_overlap[Upper left 86]" time="0.010" /><testcase classname="tests.test_geometry_v3" name="test_printed_cell_overlap[Upper left 60]" time="0.010" /><testcase classname="tests.test_geometry_v3" name="test_printed_cell_overlap[Upper left 62]" time="0.010" /><testcase classname="tests.test_geometry_v3" name="test_printed_cell_overlap[Upper left 36]" time="0.010" /><testcase classname="tests.test_geometry_v3" name="test_printed_cell_overlap[Left outer 242]" time="0.010" /><testcase classname="tests.test_geometry_v3" name="test_printed_cell_overlap[Left outer 244]" time="0.010" /><testcase classname="tests.test_geometry_v3" name="test_printed_cell_overlap[Left outer 246]" time="0.010" /><testcase classname="tests.test_geometry_v3" name="test_previous_locations_remain_distinct_and_free[Main seat 438]" time="0.001" /><testcase classname="tests.test_geometry_v3" name="test_previous_locations_remain_distinct_and_free[Main seat 437]" time="0.001" /><testcase classname="tests.test_geometry_v3" name="test_previous_locations_remain_distinct_and_free[Loja 5 left reference 1]" time="0.001" /><testcase classname="tests.test_geometry_v3" name="test_previous_locations_remain_distinct_and_free[Loja 5 left reference 2]" time="0.001" /><testcase classname="tests.test_geometry_v3" name="test_previous_locations_remain_distinct_and_free[Loja 5 left reference 3]" time="0.001" /><testcase classname="tests.test_geometry_v3" name="test_previous_locations_remain_distinct_and_free[Loja 5 left reference 4]" time="0.001" /><testcase classname="tests.test_geometry_v3" name="test_previous_locations_remain_distinct_and_free[Loja 5 left reference 5]" time="0.001" /><testcase classname="tests.test_geometry_v3" name="test_previous_locations_remain_distinct_and_free[Loja 5 left reference 6]" time="0.001" /><testcase classname="tests.test_geometry_v3" name="test_previous_locations_remain_distinct_and_free[Loja 5 left reference 7]" time="0.001" /><testcase classname="tests.test_geometry_v3" name="test_previous_locations_remain_distinct_and_free[Upper curved block reference 1]" time="0.001" /><testcase classname="tests.test_geometry_v3" name="test_previous_locations_remain_distinct_and_free[Upper curved block reference 2]" time="0.001" /><testcase classname="tests.test_geometry_v3" name="test_previous_locations_remain_distinct_and_free[Upper curved block reference 3]" time="0.001" /><testcase classname="tests.test_geometry_v3" name="test_previous_locations_remain_distinct_and_free[Upper curved block reference 4]" time="0.001" /><testcase classname="tests.test_geometry_v3" name="test_previous_locations_remain_distinct_and_free[Upper curved block reference 5]" time="0.001" /><testcase classname="tests.test_geometry_v3" name="test_previous_locations_remain_distinct_and_free[Upper curved block reference 6]" time="0.001" /><testcase classname="tests.test_geometry_v3" name="test_previous_locations_remain_distinct_and_free[Upper curved block reference 7]" time="0.001" /><testcase classname="tests.test_geometry_v3" name="test_previous_locations_remain_distinct_and_free[Upper curved block reference 8]" time="0.001" /><testcase classname="tests.test_geometry_v3" name="test_outline_roundtrip_and_real_bounds" time="0.001" /><testcase classname="tests.test_geometry_v3" name="test_bad_outlines_rejected[outline0]" time="0.000" /><testcase classname="tests.test_geometry_v3" name="test_bad_outlines_rejected[outline1]" time="0.000" /><testcase classname="tests.test_geometry_v3" name="test_bad_outlines_rejected[outline2]" time="0.000" /><testcase classname="tests.test_geometry_v3" name="test_bad_outlines_rejected[outline3]" time="0.000" /><testcase classname="tests.test_geometry_v3" name="test_four_corner_grid_shared_edges_and_numbering" time="0.001" /><testcase classname="tests.test_geometry_v3" name="test_four_corner_grid_rejects_bow_tie" time="0.000" /><testcase classname="tests.test_geometry_v3" name="test_legacy_rectangle_still_works" time="0.000" /><testcase classname="tests.test_geometry_v3" name="test_polygon_survives_save_public_booking_and_print" time="0.065" /><testcase classname="tests.test_pdf_mail" name="test_upload_render_detect_worker_and_draft_permissions" time="4.086" /><testcase classname="tests.test_pdf_mail" name="test_bad_pdf_and_oversized_body_are_rejected" time="0.685" /><testcase classname="tests.test_pdf_mail" name="test_supplied_pdf_repeatable_detection_and_explicit_masks" time="174.473" /><testcase classname="tests.test_pdf_mail" name="test_long_diagonal_x_heuristic_on_clean_synthetic_patch" time="0.001" /><testcase classname="tests.test_pdf_mail" name="test_file_mail_delivery_and_body_purge" time="0.026" /><testcase classname="tests.test_pdf_mail" name="test_smtp_delivery_to_local_capture_server" time="0.533" /><testcase classname="tests.test_pdf_mail" name="test_failed_mail_retry_and_expired_signin_cleanup" time="0.034" /><testcase classname="tests.test_recovery_v4" name="test_reported_residual_seat_has_one_free_target[outer-right-255]" time="0.007" /><testcase classname="tests.test_recovery_v4" name="test_reported_residual_seat_has_one_free_target[outer-right-257]" time="0.005" /><testcase classname="tests.test_recovery_v4" name="test_reported_residual_seat_has_one_free_target[outer-right-259]" time="0.005" /><testcase classname="tests.test_recovery_v4" name="test_reported_residual_seat_has_one_free_target[outer-right-261]" time="0.005" /><testcase classname="tests.test_recovery_v4" name="test_reported_residual_seat_has_one_free_target[outer-right-263]" time="0.004" /><testcase classname="tests.test_recovery_v4" name="test_reported_residual_seat_has_one_free_target[outer-right-265]" time="0.003" /><testcase classname="tests.test_recovery_v4" name="test_reported_residual_seat_has_one_free_target[loja-9-outer-position-1]" time="0.003" /><testcase classname="tests.test_recovery_v4" name="test_reported_residual_seat_has_one_free_target[loja-9-outer-position-2]" time="0.003" /><testcase classname="tests.test_recovery_v4" name="test_reported_residual_seat_has_one_free_target[loja-9-outer-position-3]" time="0.006" /><testcase classname="tests.test_recovery_v4" name="test_reported_residual_seat_has_one_free_target[loja-9-outer-position-4]" time="0.004" /><testcase classname="tests.test_recovery_v4" name="test_reported_residual_seat_has_one_free_target[loja-9-outer-position-5]" time="0.004" /><testcase classname="tests.test_recovery_v4" name="test_reported_residual_seat_has_one_free_target[loja-9-outer-position-6]" time="0.004" /><testcase classname="tests.test_recovery_v4" name="test_reported_residual_seat_has_one_free_target[loja-9-inner-position-1]" time="0.004" /><testcase classname="tests.test_recovery_v4" name="test_reported_residual_seat_has_one_free_target[loja-9-inner-position-2]" time="0.003" /><testcase classname="tests.test_recovery_v4" name="test_reported_residual_seat_has_one_free_target[loja-9-inner-position-3]" time="0.003" /><testcase classname="tests.test_recovery_v4" name="test_reported_residual_seat_has_one_free_target[loja-9-inner-position-4]" time="0.003" /><testcase classname="tests.test_recovery_v4" name="test_reported_residual_seat_has_one_free_target[loja-9-inner-position-5]" time="0.003" /><testcase classname="tests.test_recovery_v4" name="test_reported_residual_seat_has_one_free_target[loja-9-inner-position-6]" time="0.003" /><testcase classname="tests.test_recovery_v4" name="test_reported_residual_seat_has_one_free_target[loja-10-outer-position-1]" time="0.003" /><testcase classname="tests.test_recovery_v4" name="test_reported_residual_seat_has_one_free_target[loja-10-outer-position-2]" time="0.003" /><testcase classname="tests.test_recovery_v4" name="test_reported_residual_seat_has_one_free_target[loja-10-outer-position-3]" time="0.003" /><testcase classname="tests.test_recovery_v4" name="test_reported_residual_seat_has_one_free_target[loja-10-outer-position-4]" time="0.003" /><testcase classname="tests.test_recovery_v4" name="test_reported_residual_seat_has_one_free_target[loja-10-outer-position-5]" time="0.003" /><testcase classname="tests.test_recovery_v4" name="test_reported_residual_seat_has_one_free_target[loja-10-outer-position-6]" time="0.003" /><testcase classname="tests.test_recovery_v4" name="test_residual_locations_are_distinct_and_gap_is_removed" time="0.064" /><testcase classname="tests.test_recovery_v4" name="test_recovery_reports_and_exclusions" time="0.010" /><testcase classname="tests.test_recovery_v4" name="test_unseeded_bank_can_support_itself" time="0.003" /><testcase classname="tests.test_recovery_v4" name="test_isolated_or_nonshared_shapes_do_not_form_bank" time="0.002" /><testcase classname="tests.test_recovery_v4" name="test_existing_bank_shapes_never_duplicated" time="0.001" /><testcase classname="tests.test_recovery_v4" name="test_small_symbol_pair_relation_is_symmetric" time="0.000" /><testcase classname="tests.test_recovery_v4" name="test_ridge_filters_ignore_uniform_background" time="0.012" /><testcase classname="tests.test_recovery_v4" name="test_new_setting_can_disable_recovery" time="0.002" /></testsuite></testsuites>